./include/my.h:21: MINOR:C-L4
./lib/concat_string.c:8: MINOR:C-G7
./lib/concat_string.c:30: MINOR:C-G8
./src/gameplay.c:12: MINOR:C-L4
./src/gameplay.c:18: MINOR:C-L6
./src/gameplay.c:21: MAJOR:C-C1
./src/gameplay.c:23: MAJOR:C-C1
./src/gameplay.c:29: MAJOR:C-C1
./src/gameplay.c:31: MAJOR:C-C1
./src/gameplay.c:33: MAJOR:C-F4
./src/gameplay.c:34: MAJOR:C-F4
./src/gameplay.c:35: MAJOR:C-F4
./src/gameplay.c:35: MINOR:C-L6
./src/gameplay.c:36: MAJOR:C-F4
./src/gameplay.c:36: MINOR:C-L6
./src/gameplay.c:37: MAJOR:C-F4
./src/gameplay.c:38: MAJOR:C-F4
./src/gameplay.c:41: MINOR:C-G8
./src/launch_game.c:8: MINOR:C-L3
./src/launch_game.c:23: MAJOR:C-C1
./src/launch_game.c:25: MAJOR:C-C1
./src/launch_game.c:27: MAJOR:C-C1
./src/launch_game.c:32: MAJOR:C-F4
./src/launch_game.c:33: MAJOR:C-F4
./src/launch_game.c:34: INFO:C-A3
./src/main.c:26: MINOR:C-G2
./src/main.c:26: MINOR:C-L3
./src/main.c:29: MAJOR:C-F3
./src/main.c:30: MAJOR:C-F3
./src/main.c:35: MINOR:C-L3
./src/main.c:35: MAJOR:C-L5
./src/main.c:39: INFO:C-A3
